[0m18:26:53.776101 [debug] [MainThread]: Sending event: {'category': 'dbt', 'action': 'invocation', 'label': 'start', 'context': [<snowplow_tracker.self_describing_json.SelfDescribingJson object at 0x000002E7176C6510>, <snowplow_tracker.self_describing_json.SelfDescribingJson object at 0x000002E7174914D0>, <snowplow_tracker.self_describing_json.SelfDescribingJson object at 0x000002E717670F10>]}


============================== 18:26:53.783100 | ac6d763d-3fd4-4a2b-931c-2101e657efeb ==============================
[0m18:26:53.783100 [info ] [MainThread]: Running with dbt=1.9.2
[0m18:26:53.785104 [debug] [MainThread]: running dbt with arguments {'printer_width': '80', 'indirect_selection': 'eager', 'write_json': 'True', 'log_cache_events': 'False', 'partial_parse': 'True', 'cache_selected_only': 'False', 'warn_error': 'None', 'debug': 'False', 'profiles_dir': 'C:\\Users\\HP\\.dbt', 'log_path': 'logs', 'version_check': 'True', 'fail_fast': 'False', 'use_colors': 'True', 'use_experimental_parser': 'False', 'empty': 'None', 'quiet': 'False', 'no_print': 'None', 'log_format': 'default', 'static_parser': 'True', 'warn_error_options': 'WarnErrorOptions(include=[], exclude=[])', 'invocation_command': 'dbt init telegram_project', 'target_path': 'None', 'introspect': 'True', 'send_anonymous_usage_stats': 'True'}
[0m18:26:53.825966 [warn ] [MainThread]: [ConfigFolderDirectory]: Unable to parse logging event dictionary. Failed to parse dir field: expected string or bytes-like object, got 'WindowsPath'.. Dictionary: {'dir': WindowsPath('C:/Users/HP/.dbt')}
[0m18:26:53.828963 [info ] [MainThread]: Creating dbt configuration folder at 
[0m18:26:53.833966 [debug] [MainThread]: Starter project path: C:\Users\HP\Desktop\week-7\kaim-week-7\venv\Lib\site-packages\dbt\include\starter_project
[0m18:26:53.930963 [info ] [MainThread]: 
Your new dbt project "telegram_project" was created!

For more information on how to configure the profiles.yml file,
please consult the dbt documentation here:

  https://docs.getdbt.com/docs/configure-your-profile

One more thing:

Need help? Don't hesitate to reach out to us via GitHub issues or on Slack:

  https://community.getdbt.com/

Happy modeling!

[0m18:26:53.934963 [info ] [MainThread]: Setting up your profile.
[0m18:30:48.854873 [info ] [MainThread]: Profile telegram_project written to C:\Users\HP\.dbt\profiles.yml using target's profile_template.yml and your supplied values. Run 'dbt debug' to validate the connection.
[0m18:30:48.858874 [debug] [MainThread]: Command `dbt init` succeeded at 18:30:48.858874 after 235.18 seconds
[0m18:30:48.860878 [debug] [MainThread]: Sending event: {'category': 'dbt', 'action': 'invocation', 'label': 'end', 'context': [<snowplow_tracker.self_describing_json.SelfDescribingJson object at 0x000002E7110FAA90>, <snowplow_tracker.self_describing_json.SelfDescribingJson object at 0x000002E711148110>, <snowplow_tracker.self_describing_json.SelfDescribingJson object at 0x000002E717666D50>]}
[0m18:30:48.861871 [debug] [MainThread]: Flushing usage events
[0m18:30:49.942867 [debug] [MainThread]: An error was encountered while trying to flush usage events
